\BOOKMARK [1][-]{Doc-Start}{\376\377\000\300\000\040\000p\000r\000o\000p\000o\000s\000\040\000d\000u\000\040\000g\000u\000i\000d\000e}{}% 1
\BOOKMARK [1][-]{Doc-Start}{\376\377\000I\000n\000t\000r\000o\000d\000u\000c\000t\000i\000o\000n}{}% 2
\BOOKMARK [1][-]{Doc-Start}{\376\377\000G\000u\000i\000d\000e\000\040\000d\000e\000\040\000d\000\351\000p\000l\000o\000i\000e\000m\000e\000n\000t\000\040\000d\000e\000\040\000l\040\031\000a\000p\000p\000l\000i\000c\000a\000t\000i\000o\000n}{}% 3
\BOOKMARK [2][-]{subsection.0.1}{\376\377\000P\000r\000\351\000r\000e\000q\000u\000i\000s}{Doc-Start}% 4
\BOOKMARK [3][-]{subsubsection.0.1.1}{\376\377\000L\000o\000g\000i\000c\000i\000e\000l\000s\000\040\000n\000\351\000c\000e\000s\000s\000a\000i\000r\000e\000s\000\040\000:}{subsection.0.1}% 5
\BOOKMARK [3][-]{subsubsection.0.1.2}{\376\377\000C\000o\000n\000f\000i\000g\000u\000r\000a\000t\000i\000o\000n\000\040\000m\000i\000n\000i\000m\000a\000l\000e\000\040\000r\000e\000c\000o\000m\000m\000a\000n\000d\000\351\000e\000\040\000:}{subsection.0.1}% 6
\BOOKMARK [3][-]{subsubsection.0.1.3}{\376\377\000O\000u\000t\000i\000l\000s\000\040\000s\000u\000p\000p\000l\000\351\000m\000e\000n\000t\000a\000i\000r\000e\000s\000\040\000:}{subsection.0.1}% 7
\BOOKMARK [2][-]{subsection.0.2}{\376\377\000\311\000t\000a\000p\000e\000s\000\040\000d\000e\000\040\000d\000\351\000p\000l\000o\000i\000e\000m\000e\000n\000t}{Doc-Start}% 8
\BOOKMARK [3][-]{subsubsection.0.2.1}{\376\377\000C\000l\000o\000n\000e\000r\000\040\000l\000e\000\040\000d\000\351\000p\000\364\000t\000\040\000G\000i\000t\000H\000u\000b}{subsection.0.2}% 9
\BOOKMARK [3][-]{subsubsection.0.2.2}{\376\377\000C\000o\000n\000f\000i\000g\000u\000r\000e\000r\000\040\000l\040\031\000e\000n\000v\000i\000r\000o\000n\000n\000e\000m\000e\000n\000t}{subsection.0.2}% 10
\BOOKMARK [3][-]{subsubsection.0.2.3}{\376\377\000M\000o\000d\000i\000f\000i\000e\000r\000\040\000l\000e\000s\000\040\000v\000a\000r\000i\000a\000b\000l\000e\000s\000\040\000d\040\031\000e\000n\000v\000i\000r\000o\000n\000n\000e\000m\000e\000n\000t}{subsection.0.2}% 11
\BOOKMARK [3][-]{subsubsection.0.2.4}{\376\377\000G\000\351\000n\000\351\000r\000e\000r\000\040\000l\000a\000\040\000c\000l\000\351\000\040\000d\000'\000a\000p\000p\000l\000i\000c\000a\000t\000i\000o\000n}{subsection.0.2}% 12
\BOOKMARK [3][-]{subsubsection.0.2.5}{\376\377\000C\000o\000n\000f\000i\000g\000u\000r\000e\000r\000\040\000X\000A\000M\000P\000P\000\040\000e\000t\000\040\000l\000e\000s\000\040\000s\000e\000r\000v\000e\000u\000r\000s\000\040\000A\000p\000a\000c\000h\000e\000\040\000e\000t\000\040\000M\000y\000S\000Q\000L}{subsection.0.2}% 13
\BOOKMARK [3][-]{subsubsection.0.2.6}{\376\377\000C\000r\000\351\000e\000r\000\040\000l\000a\000\040\000b\000a\000s\000e\000\040\000d\000e\000\040\000d\000o\000n\000n\000\351\000e\000s\000\040\000s\000u\000r\000\040\000M\000y\000S\000Q\000L}{subsection.0.2}% 14
\BOOKMARK [3][-]{subsubsection.0.2.7}{\376\377\000R\000e\000m\000p\000l\000a\000c\000e\000r\000\040\000l\000e\000\040\000f\000i\000c\000h\000i\000e\000r\000\040\000e\000l\000a\000s\000t\000i\000c\000s\000e\000a\000r\000c\000h\000.\000y\000m\000l\000\040\000s\000e\000l\000o\000n\000\040\000v\000o\000t\000r\000e\000\040\000O\000S}{subsection.0.2}% 15
\BOOKMARK [3][-]{subsubsection.0.2.8}{\376\377\000L\000a\000n\000c\000e\000r\000\040\000E\000l\000a\000s\000t\000i\000c\000s\000e\000a\000r\000c\000h}{subsection.0.2}% 16
\BOOKMARK [3][-]{subsubsection.0.2.9}{\376\377\000L\000a\000n\000c\000e\000r\000\040\000l\000e\000\040\000b\000a\000c\000k\000e\000n\000d\000\040\000a\000v\000e\000c\000\040\000L\000a\000r\000a\000v\000e\000l}{subsection.0.2}% 17
\BOOKMARK [3][-]{subsubsection.0.2.10}{\376\377\000L\000a\000n\000c\000e\000r\000\040\000l\000e\000\040\000f\000r\000o\000n\000t\000e\000n\000d\000\040\000a\000v\000e\000c\000\040\000A\000n\000g\000u\000l\000a\000r}{subsection.0.2}% 18
\BOOKMARK [1][-]{figure.5}{\376\377\000P\000r\000o\000b\000l\000\350\000m\000e\000s\000\040\000c\000o\000u\000r\000a\000n\000t\000s\000\040}{}% 19
\BOOKMARK [1][-]{figure.5}{\376\377\000C\000o\000n\000c\000l\000u\000s\000i\000o\000n}{}% 20
